uw-sim /opt-src/CMC/local/maagaard/ece327/bin/uw-sim --timing kirsch.uwp
INFO: Using testbench        : kirsch_tb
INFO: Using design entity    : kirsch
INFO: Using simulation script: kirsch_tb.sim
QuestaSim vmap 10.4a Lib Mapping Utility 2015.03 Mar 24 2015
vmap -c 
Warning: vmap will not overwrite local modelsim.ini.
Warning: Library already exists at "work-msim".
** Warning: (vlib-34) Library already exists at "altera".
 QuestaSim vmap 10.4a Lib Mapping Utility 2015.03 Mar 24 2015
vmap altera /opt-src/CMC/local/maagaard/kits-sim/altera/altera 
Modifying modelsim.ini
 ** Warning: (vlib-34) Library already exists at "altera_mf".
 QuestaSim vmap 10.4a Lib Mapping Utility 2015.03 Mar 24 2015
vmap altera_mf /opt-src/CMC/local/maagaard/kits-sim/altera/altera_mf 
Modifying modelsim.ini
 ** Warning: (vlib-34) Library already exists at "lpm".
 QuestaSim vmap 10.4a Lib Mapping Utility 2015.03 Mar 24 2015
vmap lpm /opt-src/CMC/local/maagaard/kits-sim/altera/lpm 
Modifying modelsim.ini
 ** Warning: (vlib-34) Library already exists at "cycloneii".
 QuestaSim vmap 10.4a Lib Mapping Utility 2015.03 Mar 24 2015
vmap cycloneii /opt-src/CMC/local/maagaard/kits-sim/altera/cycloneii 
Modifying modelsim.ini

QuestaSim vlog 10.4a Compiler 2015.03 Mar 24 2015
Start time: 03:10:39 on Mar 26,2016
vlog -novopt "+acc" -work work-msim uw_tmp/kirsch_chip.v 
-- Compiling module kirsch

Top level modules:
	kirsch
End time: 03:10:39 on Mar 26,2016, Elapsed time: 0:00:00
Errors: 0, Warnings: 0
 QuestaSim vcom 10.4a Compiler 2015.03 Mar 24 2015
Start time: 03:10:39 on Mar 26,2016
vcom -93 "+acc" -work work-msim uw_tmp/kirsch_chip.vhd string_pkg.vhd kirsch_synth_pkg.vhd kirsch_unsynth_pkg.vhd kirsch_tb.vhd 
-- Loading package STANDARD
-- Loading package TEXTIO
-- Loading package std_logic_1164
-- Loading package VITAL_Timing
-- Loading package VITAL_Primitives
-- Loading package cycloneii_atom_pack
-- Loading package cycloneii_components
-- Compiling entity kirsch_chip
-- Compiling architecture structure of kirsch_chip
-- Loading package NUMERIC_STD
-- Loading package kirsch_synth_pkg
-- Compiling entity kirsch
-- Compiling architecture shim of kirsch
-- Loading entity kirsch_chip
-- Compiling package string_pkg
-- Compiling package body string_pkg
-- Loading package string_pkg
-- Compiling package kirsch_synth_pkg
-- Compiling package body kirsch_synth_pkg
-- Loading package kirsch_synth_pkg
-- Compiling package file_pkg
-- Compiling package body file_pkg
-- Loading package file_pkg
-- Loading package string_pkg
-- Loading package file_pkg
-- Loading package kirsch_synth_pkg
-- Compiling package kirsch_unsynth_pkg
-- Compiling package body kirsch_unsynth_pkg
-- Loading package kirsch_unsynth_pkg
-- Loading package kirsch_unsynth_pkg
-- Compiling entity kirsch_tb
-- Compiling architecture main of kirsch_tb
-- Loading entity kirsch
End time: 03:10:39 on Mar 26,2016, Elapsed time: 0:00:00
Errors: 0, Warnings: 0

Reading pref.tcl
