//  Precision RTL Synthesis 64-bit 2015.2.16 (PS2015.2.1 Production Release) Tue Jan  5 23:04:49 PST 2016
//  
//  Copyright (c) Mentor Graphics Corporation, 1996-2016, All Rights Reserved.
//             Portions copyright 1991-2008 Compuware Corporation
//                       UNPUBLISHED, LICENSED SOFTWARE.
//            CONFIDENTIAL AND PROPRIETARY INFORMATION WHICH IS THE
//          PROPERTY OF MENTOR GRAPHICS CORPORATION OR ITS LICENSORS
//  
//  Running on Linux jx2xu@ecelinux5.uwaterloo.ca #1 SMP PREEMPT Sun Feb 14 10:43:50 EST 2016 3.2.77-1.el5.elrepo x86_64
//  
//  Start time Sat Mar 26 03:10:09 2016

***************************************************************
Device Utilization for EP2C35F672C
***************************************************************
Resource                          Used    Avail   Utilization
---------------------------------------------------------------
IOs                               95      -            -
LUTs                              277     33216     0.83%
Registers                         204     33216     0.61%
Memory Bits                       4096    483840    0.85%
DSP block 9-bit elems             0       70        0.00%
---------------------------------------------------------------

**************************************************

Library: work    Cell: custom_max_10    View: main

**************************************************

  Cell                   Library  References     Total Area

 VCC                     cycloneii     1 x
 cycloneii_lcell_comb    cycloneii    23 x      1     23 LUTs

 Number of ports :                      39
 Number of nets :                       50
 Number of instances :                  24
 Number of references to this view :     1

Total accumulated area : 
 Number of LUTs :                       23
 Number of accumulated instances :      24

****************************************************

Library: work    Cell: stage2_hardware    View: main

****************************************************

  Cell                   Library  References     Total Area

 VCC                     cycloneii     1 x
 custom_max_10           work          1 x     23     23 LUTs
 cycloneii_lcell_comb    cycloneii    13 x      1     13 LUTs

 Number of ports :                      78
 Number of nets :                       91
 Number of instances :                  15
 Number of references to this view :     1

Total accumulated area : 
 Number of LUTs :                       36
 Number of accumulated instances :      38

****************************************************************

Library: work    Cell: stage1_hardware    View: main_unfold_1260

****************************************************************

  Cell                   Library  References     Total Area

 GND                     cycloneii     1 x
 VCC                     cycloneii     1 x
 cycloneii_lcell_comb    cycloneii    37 x      1     37 LUTs

 Number of ports :                      60
 Number of nets :                       90
 Number of instances :                  39
 Number of references to this view :     1

Total accumulated area : 
 Number of LUTs :                       37
 Number of accumulated instances :      39

*******************************************

Library: work    Cell: kirsch    View: main

*******************************************

  Cell                     Library  References     Total Area

 GND                       cycloneii     1 x
 NOT                       cycloneii     1 x
 VCC                       cycloneii     3 x
 altsyncram_8_8_256_2_0    OPERATORS     1 x
 altsyncram_8_8_256_2_1    OPERATORS     1 x
 cycloneii_lcell_comb      cycloneii   204 x      1    204 LUTs
 cycloneii_lcell_ff        cycloneii   204 x      1    204 Registers
 stage1_hardware           work          1 x     37     37 LUTs
 stage2_hardware           work          1 x     36     36 LUTs

 Number of ports :                      95
 Number of nets :                      505
 Number of instances :                 417
 Number of references to this view :     0

Total accumulated area : 
 Number of LCs :                         0
 Number of LUTs :                      277
 Number of Memory Bits :              4096
 Number of Registers :                 204
 Number of accumulated instances :     492
