//  Precision RTL Synthesis 64-bit 2015.2.16 (PS2015.2.1 Production Release) Tue Jan  5 23:04:49 PST 2016
//  
//  Copyright (c) Mentor Graphics Corporation, 1996-2016, All Rights Reserved.
//             Portions copyright 1991-2008 Compuware Corporation
//                       UNPUBLISHED, LICENSED SOFTWARE.
//            CONFIDENTIAL AND PROPRIETARY INFORMATION WHICH IS THE
//          PROPERTY OF MENTOR GRAPHICS CORPORATION OR ITS LICENSORS
//  
//  Running on Linux jx2xu@eceLinux2.uwaterloo.ca #1 SMP Tue Mar 15 18:13:50 EDT 2016 2.6.18-409.el5 x86_64
//  
//  Start time Wed Mar 23 21:05:36 2016

***************************************************************
Device Utilization for EP2C35F672C
***************************************************************
Resource                          Used    Avail   Utilization
---------------------------------------------------------------
IOs                               115     -            -
LUTs                              430     33216     1.29%
Registers                         329     33216     0.99%
Memory Bits                       4096    483840    0.85%
DSP block 9-bit elems             0       70        0.00%
---------------------------------------------------------------

**************************************************************

Library: OPERATORS    Cell: ram_dq_8_1    View: IMPLEMENTATION

**************************************************************

  Cell                     Library  References     Total Area

 VCC                       cycloneii     1 x
 altsyncram_8_8_256_2_1    OPERATORS     1 x

 Number of ports :                      32
 Number of nets :                       27
 Number of instances :                   2
 Number of references to this view :     1

Total accumulated area : 
 Number of Memory Bits :              2048
 Number of accumulated instances :       2

**************************************************************

Library: OPERATORS    Cell: ram_dq_8_0    View: IMPLEMENTATION

**************************************************************

  Cell                     Library  References     Total Area

 VCC                       cycloneii     1 x
 altsyncram_8_8_256_2_0    OPERATORS     1 x

 Number of ports :                      32
 Number of nets :                       27
 Number of instances :                   2
 Number of references to this view :     1

Total accumulated area : 
 Number of Memory Bits :              2048
 Number of accumulated instances :       2

**************************************************

Library: work    Cell: custom_max_10    View: main

**************************************************

  Cell                   Library  References     Total Area

 VCC                     cycloneii     1 x
 cycloneii_lcell_comb    cycloneii    33 x      1     33 LUTs

 Number of ports :                      39
 Number of nets :                       60
 Number of instances :                  34
 Number of references to this view :     1

Total accumulated area : 
 Number of LUTs :                       33
 Number of accumulated instances :      34

****************************************************

Library: work    Cell: stage2_hardware    View: main

****************************************************

  Cell                   Library  References     Total Area

 VCC                     cycloneii     1 x
 custom_max_10           work          1 x     33     33 LUTs
 cycloneii_lcell_comb    cycloneii    13 x      1     13 LUTs

 Number of ports :                      78
 Number of nets :                       91
 Number of instances :                  15
 Number of references to this view :     1

Total accumulated area : 
 Number of LUTs :                       46
 Number of accumulated instances :      48

*************************************************************

Library: work    Cell: custom_max_8    View: main_unfold_1856

*************************************************************

  Cell                   Library  References     Total Area

 GND                     cycloneii     1 x
 VCC                     cycloneii     1 x
 cycloneii_lcell_comb    cycloneii    25 x      1     25 LUTs

 Number of ports :                      33
 Number of nets :                       45
 Number of instances :                  27
 Number of references to this view :     1

Total accumulated area : 
 Number of LUTs :                       25
 Number of accumulated instances :      27

****************************************************************

Library: work    Cell: stage1_hardware    View: main_unfold_1434

****************************************************************

  Cell                   Library  References     Total Area

 GND                     cycloneii     1 x
 VCC                     cycloneii     1 x
 custom_max_8            work          1 x     25     25 LUTs
 cycloneii_lcell_comb    cycloneii    20 x      1     20 LUTs

 Number of ports :                      60
 Number of nets :                       83
 Number of instances :                  23
 Number of references to this view :     1

Total accumulated area : 
 Number of LUTs :                       45
 Number of accumulated instances :      49

***********************************************************

Library: work    Cell: kirsch_8_8    View: main_unfold_1777

***********************************************************

  Cell                   Library  References     Total Area

 GND                     cycloneii     1 x
 NOT                     cycloneii     2 x
 VCC                     cycloneii     1 x
 cycloneii_lcell_comb    cycloneii   205 x      1    205 LUTs
 cycloneii_lcell_ff      cycloneii   204 x      1    204 Registers
 ram_dq_8_0              OPERATORS     1 x   2048   2048 Memory Bits
 ram_dq_8_1              OPERATORS     1 x   2048   2048 Memory Bits
 stage1_hardware         work          1 x     45     45 LUTs
 stage2_hardware         work          1 x     46     46 LUTs

 Number of ports :                      95
 Number of nets :                      505
 Number of instances :                 417
 Number of references to this view :     1

Total accumulated area : 
 Number of LCs :                         0
 Number of LUTs :                      296
 Number of Memory Bits :              4096
 Number of Registers :                 204
 Number of accumulated instances :     514

*****************************************************

Library: work    Cell: UARTS    View: RTL_unfold_1358

*****************************************************

  Cell                   Library  References     Total Area

 GND                     cycloneii     1 x
 NOT                     cycloneii    10 x
 VCC                     cycloneii     1 x
 cycloneii_lcell_comb    cycloneii    73 x      1     73 LUTs
 cycloneii_lcell_ff      cycloneii    70 x      1     70 Registers

 Number of ports :                      25
 Number of nets :                      184
 Number of instances :                 155
 Number of references to this view :     1

Total accumulated area : 
 Number of LUTs :                       73
 Number of Registers :                  70
 Number of accumulated instances :     155

********************************************

Library: work    Cell: uw_uart    View: main

********************************************

  Cell                   Library  References     Total Area

 GND                     cycloneii     1 x
 UARTS                   work          1 x     73     73 LUTs
                                               70     70 Registers
 VCC                     cycloneii     1 x
 cycloneii_lcell_comb    cycloneii    47 x      1     47 LUTs
 cycloneii_lcell_ff      cycloneii    41 x      1     41 Registers

 Number of ports :                      20
 Number of nets :                      125
 Number of instances :                  91
 Number of references to this view :     1

Total accumulated area : 
 Number of LUTs :                      120
 Number of Registers :                 111
 Number of accumulated instances :     245

***********************************************

Library: work    Cell: top_kirsch    View: main

***********************************************

  Cell                   Library  References     Total Area

 GND                     cycloneii     1 x
 NOT                     cycloneii     1 x
 VCC                     cycloneii     1 x
 cycloneii_lcell_comb    cycloneii    14 x      1     14 LUTs
 cycloneii_lcell_ff      cycloneii    14 x      1     14 Registers
 kirsch_8_8              work          1 x    204    204 Registers
                                                0      0 LCs
                                             4096   4096 Memory Bits
                                              296    296 LUTs
 uw_uart                 work          1 x    111    111 Registers
                                              120    120 LUTs

 Number of ports :                     115
 Number of nets :                       59
 Number of instances :                  33
 Number of references to this view :     0

Total accumulated area : 
 Number of LCs :                         0
 Number of LUTs :                      430
 Number of Memory Bits :              4096
 Number of Registers :                 329
 Number of accumulated instances :     790
